<?xml version="1.0" encoding="UTF-8"?>
<!-- Generated by org.testng.reporters.JUnitXMLReporter -->
<testsuite hostname="Kalyani" name="Saniy Test" tests="3" failures="0" timestamp="13 Jun 2019 14:22:17 GMT" time="0.012" errors="0">
  <testcase name="est2" time="0.001" classname="basicAnnotations.TestNGClass2"/>
  <testcase name="test1" time="0.001" classname="basicAnnotations.TestNGClass2"/>
  <testcase name="test3" time="0.002" classname="basicAnnotations.TestNGClass3"/>
</testsuite> <!-- Saniy Test -->
