<?xml version="1.0" encoding="UTF-8"?>
<testng-results skipped="0" failed="0" total="1" passed="1">
  <reporter-output>
  </reporter-output>
  <suite name="Default suite" duration-ms="23594" started-at="2019-06-19T14:21:03Z" finished-at="2019-06-19T14:21:27Z">
    <groups>
    </groups>
    <test name="Default test" duration-ms="23594" started-at="2019-06-19T14:21:03Z" finished-at="2019-06-19T14:21:27Z">
      <class name="basicSelenium.SeleniumClass3">
        <test-method status="PASS" signature="test()[pri:0, instance:basicSelenium.SeleniumClass3@77f03bb1]" name="test" duration-ms="23553" started-at="2019-06-19T19:21:03Z" finished-at="2019-06-19T19:21:27Z">
          <reporter-output>
          </reporter-output>
        </test-method> <!-- test -->
      </class> <!-- basicSelenium.SeleniumClass3 -->
    </test> <!-- Default test -->
  </suite> <!-- Default suite -->
</testng-results>
