<?xml version="1.0" encoding="UTF-8"?>
<testng-results skipped="0" failed="0" total="1" passed="1">
  <reporter-output>
  </reporter-output>
  <suite name="Default suite" duration-ms="17975" started-at="2019-06-30T04:35:46Z" finished-at="2019-06-30T04:36:04Z">
    <groups>
    </groups>
    <test name="Default test" duration-ms="17975" started-at="2019-06-30T04:35:46Z" finished-at="2019-06-30T04:36:04Z">
      <class name="testing.TC_login">
        <test-method status="PASS" signature="script()[pri:0, instance:testing.TC_login@483bf400]" test-instance-name="" name="script" duration-ms="17928" started-at="2019-06-30T09:35:46Z" finished-at="2019-06-30T09:36:04Z">
          <reporter-output>
          </reporter-output>
        </test-method> <!-- script -->
      </class> <!-- testing.TC_login -->
    </test> <!-- Default test -->
  </suite> <!-- Default suite -->
</testng-results>
